TN:
SF:/home/mattwoodruff/repos/boxes/src/main.ts
FN:11,(anonymous_0)
FNF:1
FNH:0
FNDA:0,(anonymous_0)
DA:1,0
DA:2,0
DA:3,0
DA:4,0
DA:6,0
DA:8,0
DA:11,0
LF:7
LH:0
BRF:0
BRH:0
end_of_record
TN:
SF:/home/mattwoodruff/repos/boxes/src/components/HelloWorld.vue
FNF:0
FNH:0
DA:39,1
DA:42,2
DA:43,1
LF:3
LH:3
BRF:0
BRH:0
end_of_record
TN:
SF:/home/mattwoodruff/repos/boxes/src/router/index.ts
FN:23,(anonymous_0)
FNF:1
FNH:0
FNDA:0,(anonymous_0)
DA:1,0
DA:2,0
DA:3,0
DA:5,0
DA:7,0
DA:11,0
DA:23,0
DA:27,0
DA:33,0
LF:9
LH:0
BRF:0
BRH:0
end_of_record
TN:
SF:/home/mattwoodruff/repos/boxes/src/store/index.ts
FNF:0
FNH:0
DA:1,0
DA:2,0
DA:4,0
DA:6,0
LF:4
LH:0
BRF:0
BRH:0
end_of_record
TN:
SF:/home/mattwoodruff/repos/boxes/src/views/Home.vue
FNF:0
FNH:0
DA:10,0
LF:1
LH:0
BRF:0
BRH:0
end_of_record
